[2020-01-19T09:37:36.126] [DEBUG] cheese - login => username:zs,password:123456
[2020-01-19T09:37:36.129] [DEBUG] cheese - zs
[2020-01-19T09:37:36.144] [DEBUG] cheese - null
[2020-01-19T09:37:36.144] [DEBUG] cheese - null
[2020-01-19T09:37:45.423] [DEBUG] cheese - login => username:admin,password:123456
[2020-01-19T09:37:45.423] [DEBUG] cheese - admin
[2020-01-19T09:37:45.432] [DEBUG] cheese - null
[2020-01-19T09:37:45.432] [DEBUG] cheese - null
[2020-01-19T14:58:49.600] [DEBUG] cheese - login => username:admin,password:123456
[2020-01-19T14:58:49.602] [DEBUG] cheese - admin
[2020-01-19T14:58:49.617] [DEBUG] cheese - null
[2020-01-19T14:58:49.618] [DEBUG] cheese - null
[2020-01-19T14:59:44.235] [DEBUG] cheese - login => username:admin,password:123456
[2020-01-19T14:59:44.235] [DEBUG] cheese - admin
[2020-01-19T14:59:44.238] [DEBUG] cheese - null
[2020-01-19T14:59:44.239] [DEBUG] cheese - null
[2020-01-19T15:17:42.569] [DEBUG] cheese - login => username:admin,password:123456
[2020-01-19T15:17:42.570] [DEBUG] cheese - admin
[2020-01-19T15:17:42.574] [DEBUG] cheese - null
[2020-01-19T15:17:42.574] [DEBUG] cheese - null
[2020-01-19T15:18:22.727] [DEBUG] cheese - login => username:admin,password:123456
[2020-01-19T15:18:22.727] [DEBUG] cheese - admin
[2020-01-19T15:18:22.729] [DEBUG] cheese - null
[2020-01-19T15:18:22.729] [DEBUG] cheese - null
[2020-01-19T15:18:26.210] [DEBUG] cheese - login => username:admin,password:123456
[2020-01-19T15:18:26.210] [DEBUG] cheese - admin
[2020-01-19T15:18:26.213] [DEBUG] cheese - null
[2020-01-19T15:18:26.213] [DEBUG] cheese - null
[2020-01-19T15:18:28.096] [DEBUG] cheese - login => username:admina,password:123456
[2020-01-19T15:18:28.096] [DEBUG] cheese - admina
[2020-01-19T15:18:28.098] [DEBUG] cheese - null
[2020-01-19T15:18:28.098] [DEBUG] cheese - null
[2020-01-19T15:25:07.169] [DEBUG] cheese - login => username:admin,password:123456
[2020-01-19T15:25:07.170] [DEBUG] cheese - admin
[2020-01-19T15:25:07.172] [DEBUG] cheese - null
[2020-01-19T15:25:07.173] [DEBUG] cheese - null
[2020-01-19T15:26:31.579] [DEBUG] cheese - login => username:admin,password:123456d
[2020-01-19T15:26:31.579] [DEBUG] cheese - admin
[2020-01-19T15:26:31.581] [DEBUG] cheese - null
[2020-01-19T15:26:31.581] [DEBUG] cheese - null
[2020-01-19T15:26:34.835] [DEBUG] cheese - login => username:admin,password:123456d
[2020-01-19T15:26:34.835] [DEBUG] cheese - admin
[2020-01-19T15:26:34.836] [DEBUG] cheese - null
[2020-01-19T15:26:34.837] [DEBUG] cheese - null
[2020-01-19T15:26:35.293] [DEBUG] cheese - login => username:admin,password:123456d
[2020-01-19T15:26:35.293] [DEBUG] cheese - admin
[2020-01-19T15:26:35.296] [DEBUG] cheese - null
[2020-01-19T15:26:35.296] [DEBUG] cheese - null
[2020-01-19T15:26:40.302] [DEBUG] cheese - login => username:admin,password:123456
[2020-01-19T15:26:40.302] [DEBUG] cheese - admin
[2020-01-19T15:26:40.304] [DEBUG] cheese - null
[2020-01-19T15:26:40.304] [DEBUG] cheese - null
[2020-01-19T15:28:41.289] [DEBUG] cheese - login => username:admin,password:123456
[2020-01-19T15:28:41.289] [DEBUG] cheese - admin
[2020-01-19T15:28:41.291] [DEBUG] cheese - null
[2020-01-19T15:28:41.291] [DEBUG] cheese - null
[2020-01-19T15:29:36.110] [DEBUG] cheese - login => username:admin,password:123456
[2020-01-19T15:29:36.110] [DEBUG] cheese - admin
[2020-01-19T15:29:36.113] [DEBUG] cheese - null
[2020-01-19T15:29:36.113] [DEBUG] cheese - null
[2020-01-19T15:30:03.885] [DEBUG] cheese - login => username:admin,password:123456
[2020-01-19T15:30:03.885] [DEBUG] cheese - admin
[2020-01-19T15:30:03.888] [DEBUG] cheese - null
[2020-01-19T15:30:03.888] [DEBUG] cheese - null
[2020-01-19T15:42:40.236] [DEBUG] cheese - login => username:admin,password:123456
[2020-01-19T15:42:40.236] [DEBUG] cheese - admin
[2020-01-19T15:42:40.239] [DEBUG] cheese - null
[2020-01-19T15:42:40.239] [DEBUG] cheese - null
[2020-01-19T16:03:47.994] [DEBUG] cheese - login => username:admin,password:123456
[2020-01-19T16:03:47.994] [DEBUG] cheese - admin
[2020-01-19T16:03:47.997] [DEBUG] cheese - null
[2020-01-19T16:03:47.997] [DEBUG] cheese - null
[2020-01-19T16:10:45.012] [DEBUG] cheese - login => username:admin,password:123456
[2020-01-19T16:10:45.012] [DEBUG] cheese - admin
[2020-01-19T16:10:45.016] [DEBUG] cheese - null
[2020-01-19T16:10:45.016] [DEBUG] cheese - null
[2020-01-19T16:11:53.433] [DEBUG] cheese - login => username:admin,password:123456
[2020-01-19T16:11:53.433] [DEBUG] cheese - admin
[2020-01-19T16:11:53.436] [DEBUG] cheese - null
[2020-01-19T16:11:53.436] [DEBUG] cheese - null
[2020-01-19T16:18:49.514] [DEBUG] cheese - login => username:admin,password:123456
[2020-01-19T16:18:49.514] [DEBUG] cheese - admin
[2020-01-19T16:18:49.516] [DEBUG] cheese - null
[2020-01-19T16:18:49.517] [DEBUG] cheese - null
[2020-01-19T16:28:16.679] [DEBUG] cheese - login => username:admin,password:123456
[2020-01-19T16:28:16.679] [DEBUG] cheese - admin
[2020-01-19T16:28:16.681] [DEBUG] cheese - null
[2020-01-19T16:28:16.681] [DEBUG] cheese - null
[2020-01-19T16:56:02.532] [DEBUG] cheese - login => username:admin,password:123456
[2020-01-19T16:56:02.533] [DEBUG] cheese - admin
[2020-01-19T16:56:02.536] [DEBUG] cheese - null
[2020-01-19T16:56:02.536] [DEBUG] cheese - null
[2020-01-19T17:21:38.815] [DEBUG] cheese - login => username:admin,password:123456
[2020-01-19T17:21:38.815] [DEBUG] cheese - admin
[2020-01-19T17:21:38.817] [DEBUG] cheese - null
[2020-01-19T17:21:38.817] [DEBUG] cheese - null
[2020-01-19T17:23:50.368] [DEBUG] cheese - login => username:admin,password:123456
[2020-01-19T17:23:50.369] [DEBUG] cheese - admin
[2020-01-19T17:23:50.371] [DEBUG] cheese - null
[2020-01-19T17:23:50.371] [DEBUG] cheese - null
[2020-01-19T17:24:24.053] [DEBUG] cheese - login => username:admin,password:123456
[2020-01-19T17:24:24.053] [DEBUG] cheese - admin
[2020-01-19T17:24:24.055] [DEBUG] cheese - null
[2020-01-19T17:24:24.055] [DEBUG] cheese - null
[2020-01-19T17:28:18.312] [DEBUG] cheese - login => username:admin,password:123456
[2020-01-19T17:28:18.312] [DEBUG] cheese - admin
[2020-01-19T17:28:18.315] [DEBUG] cheese - null
[2020-01-19T17:28:18.315] [DEBUG] cheese - null
[2020-01-19T17:44:37.466] [DEBUG] cheese - login => username:admin,password:123456
[2020-01-19T17:44:37.466] [DEBUG] cheese - admin
[2020-01-19T17:44:37.469] [DEBUG] cheese - null
[2020-01-19T17:44:37.469] [DEBUG] cheese - null
[2020-01-19T17:46:20.424] [DEBUG] cheese - login => username:admin,password:123456
[2020-01-19T17:46:20.424] [DEBUG] cheese - admin
[2020-01-19T17:46:20.428] [DEBUG] cheese - null
[2020-01-19T17:46:20.428] [DEBUG] cheese - null
[2020-01-19T21:53:47.644] [DEBUG] cheese - login => username:admin,password:123456
[2020-01-19T21:53:47.644] [DEBUG] cheese - admin
[2020-01-19T21:53:47.647] [DEBUG] cheese - null
[2020-01-19T21:53:47.647] [DEBUG] cheese - null
[2020-01-19T22:21:52.998] [DEBUG] cheese - login => username:admin,password:123456
[2020-01-19T22:21:52.998] [DEBUG] cheese - admin
[2020-01-19T22:21:53.001] [DEBUG] cheese - null
[2020-01-19T22:21:53.001] [DEBUG] cheese - null
[2020-01-19T23:08:34.335] [DEBUG] cheese - login => username:admin,password:123456
[2020-01-19T23:08:34.335] [DEBUG] cheese - admin
[2020-01-19T23:08:34.337] [DEBUG] cheese - null
[2020-01-19T23:08:34.337] [DEBUG] cheese - null
[2020-01-20T16:15:37.043] [DEBUG] cheese - login => username:admin,password:123456
[2020-01-20T16:15:37.045] [DEBUG] cheese - admin
[2020-01-20T16:15:37.055] [DEBUG] cheese - null
[2020-01-20T16:15:37.056] [DEBUG] cheese - null
[2020-01-20T16:40:51.810] [DEBUG] cheese - login => username:admin,password:123456
[2020-01-20T16:40:51.810] [DEBUG] cheese - admin
[2020-01-20T16:40:51.814] [DEBUG] cheese - null
[2020-01-20T16:40:51.814] [DEBUG] cheese - null
[2020-01-20T23:36:37.377] [DEBUG] cheese - login => username:admin,password:123456
[2020-01-20T23:36:37.378] [DEBUG] cheese - admin
[2020-01-20T23:36:37.380] [DEBUG] cheese - null
[2020-01-20T23:36:37.380] [DEBUG] cheese - null
[2020-01-21T15:57:20.945] [DEBUG] cheese - null
[2020-01-21T23:03:47.319] [DEBUG] cheese - login => username:admin,password:123456
[2020-01-21T23:03:47.320] [DEBUG] cheese - admin
[2020-01-21T23:03:47.323] [DEBUG] cheese - null
[2020-01-21T23:03:47.323] [DEBUG] cheese - null
[2020-01-23T20:44:20.582] [DEBUG] cheese - login => username:admin,password:123456
[2020-01-23T20:44:20.585] [DEBUG] cheese - admin
[2020-01-23T20:44:20.604] [DEBUG] cheese - null
[2020-01-23T20:44:20.605] [DEBUG] cheese - null
[2020-01-25T12:07:27.757] [DEBUG] cheese - login => username:admin,password:123456
[2020-01-25T12:07:27.758] [DEBUG] cheese - admin
[2020-01-25T12:07:27.868] [DEBUG] cheese - null
[2020-01-25T12:07:27.868] [DEBUG] cheese - null
[2020-01-25T17:55:09.328] [DEBUG] cheese - login => username:admin,password:123456
[2020-01-25T17:55:09.328] [DEBUG] cheese - admin
[2020-01-25T17:55:09.330] [DEBUG] cheese - null
[2020-01-25T17:55:09.330] [DEBUG] cheese - null
[2020-01-25T17:56:06.587] [DEBUG] cheese - login => username:admi,password:123456
[2020-01-25T17:56:06.588] [DEBUG] cheese - admi
[2020-01-25T17:56:06.589] [DEBUG] cheese - null
[2020-01-25T17:56:06.589] [DEBUG] cheese - null
[2020-01-25T17:56:10.552] [DEBUG] cheese - login => username:admin,password:123456
[2020-01-25T17:56:10.552] [DEBUG] cheese - admin
[2020-01-25T17:56:10.555] [DEBUG] cheese - null
[2020-01-25T17:56:10.555] [DEBUG] cheese - null
[2020-01-25T17:56:25.692] [DEBUG] cheese - login => username:linken,password:123456
[2020-01-25T17:56:25.692] [DEBUG] cheese - linken
[2020-01-25T17:56:25.695] [DEBUG] cheese - null
[2020-01-25T17:56:25.695] [DEBUG] cheese - null
[2020-01-25T17:56:33.086] [DEBUG] cheese - login => username:admin,password:123456
[2020-01-25T17:56:33.086] [DEBUG] cheese - admin
[2020-01-25T17:56:33.089] [DEBUG] cheese - null
[2020-01-25T17:56:33.089] [DEBUG] cheese - null
[2020-01-25T18:01:11.807] [DEBUG] cheese - login => username:auth,password:123456
[2020-01-25T18:01:11.807] [DEBUG] cheese - auth
[2020-01-25T18:01:11.809] [DEBUG] cheese - null
[2020-01-25T18:01:11.809] [DEBUG] cheese - null
[2020-01-25T18:01:21.331] [DEBUG] cheese - login => username:auth,password:123456
[2020-01-25T18:01:21.331] [DEBUG] cheese - auth
[2020-01-25T18:01:21.333] [DEBUG] cheese - null
[2020-01-25T18:01:21.333] [DEBUG] cheese - null
[2020-01-25T18:01:22.594] [DEBUG] cheese - login => username:admin,password:123456
[2020-01-25T18:01:22.594] [DEBUG] cheese - admin
[2020-01-25T18:01:22.596] [DEBUG] cheese - null
[2020-01-25T18:01:22.596] [DEBUG] cheese - null
[2020-01-25T18:01:46.719] [DEBUG] cheese - login => username:auth,password:123456
[2020-01-25T18:01:46.719] [DEBUG] cheese - auth
[2020-01-25T18:01:46.720] [DEBUG] cheese - null
[2020-01-25T18:01:46.720] [DEBUG] cheese - null
[2020-01-25T18:01:49.042] [DEBUG] cheese - null
[2020-01-25T18:01:49.045] [DEBUG] cheese - null
[2020-01-25T18:01:52.237] [DEBUG] cheese - null
[2020-01-25T18:01:52.238] [DEBUG] cheese - null
[2020-01-25T18:01:53.421] [DEBUG] cheese - null
[2020-01-25T18:01:53.424] [DEBUG] cheese - null
[2020-01-25T18:01:59.201] [DEBUG] cheese - login => username:admin,password:123456
[2020-01-25T18:01:59.201] [DEBUG] cheese - admin
[2020-01-25T18:01:59.202] [DEBUG] cheese - null
[2020-01-25T18:01:59.202] [DEBUG] cheese - null
[2020-01-26T13:07:24.764] [DEBUG] cheese - login => username:admin,password:123456
[2020-01-26T13:07:24.764] [DEBUG] cheese - admin
[2020-01-26T13:07:24.767] [DEBUG] cheese - null
[2020-01-26T13:07:24.767] [DEBUG] cheese - null
[2020-01-26T16:04:29.486] [DEBUG] cheese - login => username:admin,password:123456
[2020-01-26T16:04:29.486] [DEBUG] cheese - admin
[2020-01-26T16:04:29.592] [DEBUG] cheese - null
[2020-01-26T16:04:29.592] [DEBUG] cheese - null
[2020-01-26T17:42:27.771] [DEBUG] cheese - login => username:orders,password:123456
[2020-01-26T17:42:27.772] [DEBUG] cheese - orders
[2020-01-26T17:42:27.776] [DEBUG] cheese - null
[2020-01-26T17:42:27.776] [DEBUG] cheese - null
[2020-01-26T17:42:37.026] [DEBUG] cheese - login => username:admin,password:123456
[2020-01-26T17:42:37.026] [DEBUG] cheese - admin
[2020-01-26T17:42:37.031] [DEBUG] cheese - null
[2020-01-26T17:42:37.031] [DEBUG] cheese - null
[2020-01-26T17:42:51.967] [DEBUG] cheese - login => username:good,password:123456
[2020-01-26T17:42:51.967] [DEBUG] cheese - good
[2020-01-26T17:42:51.968] [DEBUG] cheese - null
[2020-01-26T17:42:51.969] [DEBUG] cheese - null
[2020-01-26T17:42:57.198] [DEBUG] cheese - login => username:good,password:123456
[2020-01-26T17:42:57.198] [DEBUG] cheese - good
[2020-01-26T17:42:57.202] [DEBUG] cheese - null
[2020-01-26T17:42:57.202] [DEBUG] cheese - null
[2020-01-26T17:43:03.117] [DEBUG] cheese - login => username:admin,password:123456
[2020-01-26T17:43:03.117] [DEBUG] cheese - admin
[2020-01-26T17:43:03.121] [DEBUG] cheese - null
[2020-01-26T17:43:03.121] [DEBUG] cheese - null
[2020-01-26T17:59:57.263] [DEBUG] cheese - login => username:linken,password:123456
[2020-01-26T17:59:57.263] [DEBUG] cheese - linken
[2020-01-26T17:59:57.266] [DEBUG] cheese - null
[2020-01-26T17:59:57.266] [DEBUG] cheese - null
[2020-01-26T17:59:59.567] [DEBUG] cheese - null
[2020-01-26T17:59:59.571] [DEBUG] cheese - null
[2020-01-26T18:00:00.669] [DEBUG] cheese - null
[2020-01-26T18:00:00.673] [DEBUG] cheese - null
[2020-01-26T18:00:01.722] [DEBUG] cheese - null
[2020-01-26T18:00:01.725] [DEBUG] cheese - null
[2020-01-26T18:00:12.566] [DEBUG] cheese - null
[2020-01-26T18:00:12.571] [DEBUG] cheese - null
[2020-01-26T18:00:13.701] [DEBUG] cheese - null
[2020-01-26T18:00:13.705] [DEBUG] cheese - null
[2020-01-26T18:00:20.653] [DEBUG] cheese - login => username:admin,password:123456
[2020-01-26T18:00:20.653] [DEBUG] cheese - admin
[2020-01-26T18:00:20.657] [DEBUG] cheese - null
[2020-01-26T18:00:20.657] [DEBUG] cheese - null
[2020-01-26T18:01:02.169] [DEBUG] cheese - login => username:admin,password:123456
[2020-01-26T18:01:02.169] [DEBUG] cheese - admin
[2020-01-26T18:01:02.174] [DEBUG] cheese - null
[2020-01-26T18:01:02.174] [DEBUG] cheese - null
[2020-01-26T18:01:11.646] [DEBUG] cheese - login => username:orders,password:123456
[2020-01-26T18:01:11.646] [DEBUG] cheese - orders
[2020-01-26T18:01:11.650] [DEBUG] cheese - null
[2020-01-26T18:01:11.650] [DEBUG] cheese - null
[2020-01-26T18:01:12.416] [DEBUG] cheese - login => username:orders,password:123456
[2020-01-26T18:01:12.416] [DEBUG] cheese - orders
[2020-01-26T18:01:12.421] [DEBUG] cheese - null
[2020-01-26T18:01:12.421] [DEBUG] cheese - null
[2020-01-26T18:01:12.616] [DEBUG] cheese - login => username:orders,password:123456
[2020-01-26T18:01:12.617] [DEBUG] cheese - orders
[2020-01-26T18:01:12.620] [DEBUG] cheese - null
[2020-01-26T18:01:12.621] [DEBUG] cheese - null
[2020-01-26T18:01:15.327] [DEBUG] cheese - login => username:admin,password:123456
[2020-01-26T18:01:15.327] [DEBUG] cheese - admin
[2020-01-26T18:01:15.331] [DEBUG] cheese - null
[2020-01-26T18:01:15.331] [DEBUG] cheese - null
[2020-01-26T22:01:29.107] [DEBUG] cheese - login => username:admin,password:123456
[2020-01-26T22:01:29.107] [DEBUG] cheese - admin
[2020-01-26T22:01:29.113] [DEBUG] cheese - null
[2020-01-26T22:01:29.113] [DEBUG] cheese - null
[2020-01-28T09:54:49.669] [DEBUG] cheese - login => username:admin,password:123456
[2020-01-28T09:54:49.671] [DEBUG] cheese - admin
[2020-01-28T09:54:49.689] [DEBUG] cheese - null
[2020-01-28T09:54:49.690] [DEBUG] cheese - null
[2020-01-28T09:59:40.428] [DEBUG] cheese - login => username:admin,password:123456
[2020-01-28T09:59:40.428] [DEBUG] cheese - admin
[2020-01-28T09:59:40.431] [DEBUG] cheese - null
[2020-01-28T09:59:40.431] [DEBUG] cheese - null
[2020-01-28T12:56:54.555] [DEBUG] cheese - login => username:admin,password:123456
[2020-01-28T12:56:54.555] [DEBUG] cheese - admin
[2020-01-28T12:56:54.558] [DEBUG] cheese - null
[2020-01-28T12:56:54.558] [DEBUG] cheese - null
[2020-01-29T14:09:05.931] [DEBUG] cheese - login => username:admin,password:123456
[2020-01-29T14:09:05.931] [DEBUG] cheese - admin
[2020-01-29T14:09:05.987] [DEBUG] cheese - null
[2020-01-29T14:09:05.987] [DEBUG] cheese - null
[2020-01-30T13:06:03.979] [DEBUG] cheese - login => username:admin,password:123456
[2020-01-30T13:06:03.981] [DEBUG] cheese - admin
[2020-01-30T13:06:03.998] [DEBUG] cheese - null
[2020-01-30T13:06:03.999] [DEBUG] cheese - null
[2020-01-31T15:04:41.057] [DEBUG] cheese - login => username:admin,password:123456
[2020-01-31T15:04:41.059] [DEBUG] cheese - admin
[2020-01-31T15:04:41.091] [DEBUG] cheese - null
[2020-01-31T15:04:41.091] [DEBUG] cheese - null
[2020-01-31T15:16:39.226] [DEBUG] cheese - login => username:admin,password:123456
[2020-01-31T15:16:39.226] [DEBUG] cheese - admin
[2020-01-31T15:16:39.230] [DEBUG] cheese - null
[2020-01-31T15:16:39.230] [DEBUG] cheese - null
[2020-01-31T15:16:57.411] [DEBUG] cheese - login => username:admin,password:123456
[2020-01-31T15:16:57.412] [DEBUG] cheese - admin
[2020-01-31T15:16:57.416] [DEBUG] cheese - null
[2020-01-31T15:16:57.416] [DEBUG] cheese - null
[2020-01-31T16:45:49.514] [DEBUG] cheese - null
[2020-02-01T15:19:52.934] [DEBUG] cheese - login => username:admin,password:123456
[2020-02-01T15:19:52.934] [DEBUG] cheese - admin
[2020-02-01T15:19:52.943] [DEBUG] cheese - null
[2020-02-01T15:19:52.943] [DEBUG] cheese - null
[2020-02-02T10:55:43.884] [DEBUG] cheese - login => username:admin,password:123456
[2020-02-02T10:55:43.884] [DEBUG] cheese - admin
[2020-02-02T10:55:43.887] [DEBUG] cheese - null
[2020-02-02T10:55:43.887] [DEBUG] cheese - null
[2020-02-02T12:23:43.455] [DEBUG] cheese - login => username:admin,password:123456
[2020-02-02T12:23:43.458] [DEBUG] cheese - admin
[2020-02-02T12:23:43.478] [DEBUG] cheese - null
[2020-02-02T12:23:43.478] [DEBUG] cheese - null
[2020-02-02T12:25:57.106] [DEBUG] cheese - login => username:admin,password:123456
[2020-02-02T12:25:57.106] [DEBUG] cheese - admin
[2020-02-02T12:25:57.112] [DEBUG] cheese - null
[2020-02-02T12:25:57.112] [DEBUG] cheese - null
[2020-02-02T12:27:41.624] [DEBUG] cheese - login => username:admin,password:123456
[2020-02-02T12:27:41.624] [DEBUG] cheese - admin
[2020-02-02T12:27:41.630] [DEBUG] cheese - null
[2020-02-02T12:27:41.630] [DEBUG] cheese - null
[2020-02-02T12:28:10.566] [DEBUG] cheese - login => username:admin5,password:123456
[2020-02-02T12:28:10.566] [DEBUG] cheese - admin5
[2020-02-02T12:28:10.570] [DEBUG] cheese - null
[2020-02-02T12:28:10.571] [DEBUG] cheese - null
[2020-02-02T12:28:31.941] [DEBUG] cheese - login => username:admin,password:123456
[2020-02-02T12:28:31.941] [DEBUG] cheese - admin
[2020-02-02T12:28:31.946] [DEBUG] cheese - null
[2020-02-02T12:28:31.946] [DEBUG] cheese - null
[2020-02-02T12:40:46.618] [DEBUG] cheese - login => username:admin,password:123456
[2020-02-02T12:40:46.619] [DEBUG] cheese - admin
[2020-02-02T12:40:46.622] [DEBUG] cheese - null
[2020-02-02T12:40:46.622] [DEBUG] cheese - null
[2020-02-02T12:47:25.040] [DEBUG] cheese - login => username:admin,password:123456
[2020-02-02T12:47:25.040] [DEBUG] cheese - admin
[2020-02-02T12:47:25.043] [DEBUG] cheese - null
[2020-02-02T12:47:25.043] [DEBUG] cheese - null
[2020-02-02T12:59:06.747] [DEBUG] cheese - login => username:admin,password:123456
[2020-02-02T12:59:06.750] [DEBUG] cheese - admin
[2020-02-02T12:59:06.762] [DEBUG] cheese - null
[2020-02-02T12:59:06.762] [DEBUG] cheese - null
[2020-02-02T13:42:31.266] [DEBUG] cheese - login => username:admin,password:123456
[2020-02-02T13:42:31.266] [DEBUG] cheese - admin
[2020-02-02T13:42:31.272] [DEBUG] cheese - null
[2020-02-02T13:42:31.273] [DEBUG] cheese - null
[2020-02-02T13:42:52.236] [DEBUG] cheese - login => username:admin,password:123456
[2020-02-02T13:42:52.237] [DEBUG] cheese - admin
[2020-02-02T13:42:52.241] [DEBUG] cheese - null
[2020-02-02T13:42:52.241] [DEBUG] cheese - null
[2020-02-02T13:43:22.373] [DEBUG] cheese - login => username:admin,password:123456
[2020-02-02T13:43:22.373] [DEBUG] cheese - admin
[2020-02-02T13:43:22.381] [DEBUG] cheese - null
[2020-02-02T13:43:22.382] [DEBUG] cheese - null
[2020-02-02T13:57:57.669] [DEBUG] cheese - login => username:admin,password:123456
[2020-02-02T13:57:57.669] [DEBUG] cheese - admin
[2020-02-02T13:57:57.675] [DEBUG] cheese - null
[2020-02-02T13:57:57.675] [DEBUG] cheese - null
[2020-02-02T14:01:00.834] [DEBUG] cheese - login => username:admin,password:123456
[2020-02-02T14:01:00.836] [DEBUG] cheese - admin
[2020-02-02T14:01:00.875] [DEBUG] cheese - null
[2020-02-02T14:01:00.876] [DEBUG] cheese - null
[2020-02-02T14:28:33.260] [DEBUG] cheese - login => username:admin,password:123456
[2020-02-02T14:28:33.260] [DEBUG] cheese - admin
[2020-02-02T14:28:33.263] [DEBUG] cheese - null
[2020-02-02T14:28:33.263] [DEBUG] cheese - null
[2020-02-02T14:35:49.467] [DEBUG] cheese - login => username:admin,password:123456
[2020-02-02T14:35:49.467] [DEBUG] cheese - admin
[2020-02-02T14:35:49.470] [DEBUG] cheese - null
[2020-02-02T14:35:49.470] [DEBUG] cheese - null
[2020-02-02T15:29:21.354] [DEBUG] cheese - login => username:admin,password:123456
[2020-02-02T15:29:21.354] [DEBUG] cheese - admin
[2020-02-02T15:29:21.363] [DEBUG] cheese - null
[2020-02-02T15:29:21.363] [DEBUG] cheese - null
[2020-02-02T15:34:42.350] [DEBUG] cheese - login => username:admin,password:123456
[2020-02-02T15:34:42.350] [DEBUG] cheese - admin
[2020-02-02T15:34:42.352] [DEBUG] cheese - null
[2020-02-02T15:34:42.353] [DEBUG] cheese - null
[2020-02-02T16:01:32.433] [DEBUG] cheese - login => username:admin,password:123456
[2020-02-02T16:01:32.433] [DEBUG] cheese - admin
[2020-02-02T16:01:32.435] [DEBUG] cheese - null
[2020-02-02T16:01:32.435] [DEBUG] cheese - null
[2020-02-02T16:11:20.413] [DEBUG] cheese - login => username:admin,password:123456
[2020-02-02T16:11:20.413] [DEBUG] cheese - admin
[2020-02-02T16:11:20.414] [DEBUG] cheese - null
[2020-02-02T16:11:20.414] [DEBUG] cheese - null
[2020-02-05T13:54:07.684] [DEBUG] cheese - login => username:admin,password:123456
[2020-02-05T13:54:07.685] [DEBUG] cheese - admin
[2020-02-05T13:54:07.719] [DEBUG] cheese - null
[2020-02-05T13:54:07.719] [DEBUG] cheese - null
[2020-02-14T17:01:46.873] [DEBUG] cheese - login => username:admin,password:123456
[2020-02-14T17:01:46.876] [DEBUG] cheese - admin
[2020-02-14T17:01:46.900] [DEBUG] cheese - null
[2020-02-14T17:01:46.901] [DEBUG] cheese - null
[2020-02-14T17:50:21.591] [DEBUG] cheese - login => username:admin,password:123456
[2020-02-14T17:50:21.594] [DEBUG] cheese - admin
[2020-02-14T17:50:21.604] [DEBUG] cheese - null
[2020-02-14T17:50:21.604] [DEBUG] cheese - null
[2020-02-14T17:51:46.243] [DEBUG] cheese - login => username:report,password:123456
[2020-02-14T17:51:46.244] [DEBUG] cheese - report
[2020-02-14T17:51:46.247] [DEBUG] cheese - null
[2020-02-14T17:51:46.247] [DEBUG] cheese - null
[2020-02-14T17:51:51.927] [DEBUG] cheese - login => username:admin,password:123456
[2020-02-14T17:51:51.928] [DEBUG] cheese - admin
[2020-02-14T17:51:51.930] [DEBUG] cheese - null
[2020-02-14T17:51:51.930] [DEBUG] cheese - null
[2020-02-14T17:53:05.427] [DEBUG] cheese - login => username:author,password:123456
[2020-02-14T17:53:05.427] [DEBUG] cheese - author
[2020-02-14T17:53:05.429] [DEBUG] cheese - null
[2020-02-14T17:53:05.429] [DEBUG] cheese - null
[2020-02-14T17:53:07.947] [DEBUG] cheese - null
[2020-02-14T17:53:07.949] [DEBUG] cheese - null
[2020-02-14T17:53:13.294] [DEBUG] cheese - null
[2020-02-14T17:53:13.296] [DEBUG] cheese - null
[2020-02-14T17:53:14.599] [DEBUG] cheese - null
[2020-02-14T17:53:14.601] [DEBUG] cheese - null
[2020-02-14T17:53:23.043] [DEBUG] cheese - login => username:admin,password:123456
[2020-02-14T17:53:23.043] [DEBUG] cheese - admin
[2020-02-14T17:53:23.045] [DEBUG] cheese - null
[2020-02-14T17:53:23.045] [DEBUG] cheese - null
[2020-02-15T13:35:26.258] [DEBUG] cheese - login => username:admin,password:123456
[2020-02-15T13:35:26.259] [DEBUG] cheese - admin
[2020-02-15T13:35:26.261] [DEBUG] cheese - null
[2020-02-15T13:35:26.261] [DEBUG] cheese - null
[2020-02-16T12:38:14.875] [DEBUG] cheese - login => username:admin,password:123456
[2020-02-16T12:38:14.875] [DEBUG] cheese - admin
[2020-02-16T12:38:14.885] [DEBUG] cheese - null
[2020-02-16T12:38:14.885] [DEBUG] cheese - null
[2020-02-19T12:23:52.880] [DEBUG] cheese - login => username:admin,password:123456
[2020-02-19T12:23:52.880] [DEBUG] cheese - admin
[2020-02-19T12:23:52.886] [DEBUG] cheese - null
[2020-02-19T12:23:52.887] [DEBUG] cheese - null
[2020-02-19T12:26:17.173] [DEBUG] cheese - login => username:admin,password:123456
[2020-02-19T12:26:17.173] [DEBUG] cheese - admin
[2020-02-19T12:26:17.176] [DEBUG] cheese - null
[2020-02-19T12:26:17.176] [DEBUG] cheese - null
[2020-02-19T12:27:14.420] [DEBUG] cheese - login => username:admin,password:123456
[2020-02-19T12:27:14.420] [DEBUG] cheese - admin
[2020-02-19T12:27:14.422] [DEBUG] cheese - null
[2020-02-19T12:27:14.423] [DEBUG] cheese - null
[2020-02-25T03:10:46.626] [DEBUG] cheese - login => username:admin,password:123456
[2020-02-25T03:10:46.629] [DEBUG] cheese - admin
[2020-02-25T03:10:46.663] [DEBUG] cheese - null
[2020-02-25T03:10:46.663] [DEBUG] cheese - null
[2020-02-25T03:12:31.943] [DEBUG] cheese - login => username:goods,password:123456
[2020-02-25T03:12:31.943] [DEBUG] cheese - goods
[2020-02-25T03:12:31.945] [DEBUG] cheese - null
[2020-02-25T03:12:31.945] [DEBUG] cheese - null
[2020-02-25T03:12:34.412] [DEBUG] cheese - login => username:admin,password:123456
[2020-02-25T03:12:34.412] [DEBUG] cheese - admin
[2020-02-25T03:12:34.415] [DEBUG] cheese - null
[2020-02-25T03:12:34.415] [DEBUG] cheese - null
[2020-02-25T03:12:53.832] [DEBUG] cheese - login => username:good,password:123456
[2020-02-25T03:12:53.832] [DEBUG] cheese - good
[2020-02-25T03:12:53.835] [DEBUG] cheese - null
[2020-02-25T03:12:53.835] [DEBUG] cheese - null
[2020-02-25T03:13:04.899] [DEBUG] cheese - login => username:goods,password:123456
[2020-02-25T03:13:04.899] [DEBUG] cheese - goods
[2020-02-25T03:13:04.901] [DEBUG] cheese - null
[2020-02-25T03:13:04.901] [DEBUG] cheese - null
[2020-02-25T03:13:08.296] [DEBUG] cheese - null
[2020-02-25T03:13:08.298] [DEBUG] cheese - null
[2020-02-25T03:13:24.035] [DEBUG] cheese - null
[2020-02-25T03:13:24.038] [DEBUG] cheese - null
[2020-02-25T03:13:28.201] [DEBUG] cheese - null
[2020-02-25T03:13:28.203] [DEBUG] cheese - null
[2020-02-25T03:13:51.407] [DEBUG] cheese - null
[2020-02-25T03:13:51.410] [DEBUG] cheese - null
[2020-02-25T03:13:56.478] [DEBUG] cheese - null
[2020-02-25T03:13:56.480] [DEBUG] cheese - null
[2020-02-25T03:13:59.727] [DEBUG] cheese - null
[2020-02-25T03:13:59.729] [DEBUG] cheese - null
[2020-02-25T03:14:04.221] [DEBUG] cheese - null
[2020-02-25T03:14:04.224] [DEBUG] cheese - null
[2020-02-25T03:14:04.272] [DEBUG] cheese - null
[2020-02-25T03:14:04.273] [DEBUG] cheese - null
[2020-02-25T03:14:12.593] [DEBUG] cheese - login => username:goods,password:123456
[2020-02-25T03:14:12.593] [DEBUG] cheese - goods
[2020-02-25T03:14:12.596] [DEBUG] cheese - null
[2020-02-25T03:14:12.596] [DEBUG] cheese - null
[2020-02-25T03:14:15.186] [DEBUG] cheese - null
[2020-02-25T03:14:15.188] [DEBUG] cheese - null
[2020-02-25T03:14:16.064] [DEBUG] cheese - null
[2020-02-25T03:14:16.065] [DEBUG] cheese - null
[2020-02-25T03:14:17.239] [DEBUG] cheese - null
[2020-02-25T03:14:17.241] [DEBUG] cheese - null
[2020-02-25T03:14:23.251] [DEBUG] cheese - login => username:admin,password:123456
[2020-02-25T03:14:23.251] [DEBUG] cheese - admin
[2020-02-25T03:14:23.253] [DEBUG] cheese - null
[2020-02-25T03:14:23.253] [DEBUG] cheese - null
[2020-02-25T03:16:13.919] [DEBUG] cheese - login => username:goods,password:123456
[2020-02-25T03:16:13.919] [DEBUG] cheese - goods
[2020-02-25T03:16:13.920] [DEBUG] cheese - null
[2020-02-25T03:16:13.921] [DEBUG] cheese - null
[2020-02-25T03:16:17.235] [DEBUG] cheese - null
[2020-02-25T03:16:17.236] [DEBUG] cheese - null
[2020-02-25T03:16:20.234] [DEBUG] cheese - null
[2020-02-25T03:16:20.239] [DEBUG] cheese - null
[2020-02-25T03:16:21.420] [DEBUG] cheese - null
[2020-02-25T03:16:21.427] [DEBUG] cheese - null
[2020-02-25T03:16:28.501] [DEBUG] cheese - login => username:admin,password:123456
[2020-02-25T03:16:28.502] [DEBUG] cheese - admin
[2020-02-25T03:16:28.513] [DEBUG] cheese - null
[2020-02-25T03:16:28.513] [DEBUG] cheese - null
[2020-02-25T03:23:35.712] [DEBUG] cheese - login => username:admin,password:123456
[2020-02-25T03:23:35.712] [DEBUG] cheese - admin
[2020-02-25T03:23:35.715] [DEBUG] cheese - null
[2020-02-25T03:23:35.715] [DEBUG] cheese - null
[2020-02-25T03:25:38.822] [DEBUG] cheese - null
[2020-02-25T03:26:05.449] [DEBUG] cheese - login => username:linken,password:123456
[2020-02-25T03:26:05.450] [DEBUG] cheese - linken
[2020-02-25T03:26:05.451] [DEBUG] cheese - null
[2020-02-25T03:26:05.451] [DEBUG] cheese - null
[2020-02-25T03:26:07.914] [DEBUG] cheese - null
[2020-02-25T03:26:12.458] [DEBUG] cheese - null
[2020-02-25T03:26:18.375] [DEBUG] cheese - null
[2020-02-25T03:26:18.377] [DEBUG] cheese - null
[2020-02-25T03:26:21.334] [DEBUG] cheese - null
[2020-02-25T03:26:21.335] [DEBUG] cheese - null
[2020-02-25T03:26:22.151] [DEBUG] cheese - null
[2020-02-25T03:26:22.153] [DEBUG] cheese - null
[2020-02-25T03:26:22.799] [DEBUG] cheese - null
[2020-02-25T03:26:22.801] [DEBUG] cheese - null
[2020-02-25T03:26:25.970] [DEBUG] cheese - login => username:admin,password:123456
[2020-02-25T03:26:25.970] [DEBUG] cheese - admin
[2020-02-25T03:26:25.972] [DEBUG] cheese - null
[2020-02-25T03:26:25.972] [DEBUG] cheese - null
[2020-02-25T03:44:58.658] [DEBUG] cheese - login => username:admin,password:123456
[2020-02-25T03:44:58.658] [DEBUG] cheese - admin
[2020-02-25T03:44:58.660] [DEBUG] cheese - null
[2020-02-25T03:44:58.660] [DEBUG] cheese - null
[2020-02-25T09:35:09.360] [DEBUG] cheese - login => username:admin,password:123456
[2020-02-25T09:35:09.360] [DEBUG] cheese - admin
[2020-02-25T09:35:09.361] [DEBUG] cheese - null
[2020-02-25T09:35:09.361] [DEBUG] cheese - null
[2020-02-25T09:35:20.332] [DEBUG] cheese - login => username:goods,password:123456
[2020-02-25T09:35:20.333] [DEBUG] cheese - goods
[2020-02-25T09:35:20.335] [DEBUG] cheese - null
[2020-02-25T09:35:20.335] [DEBUG] cheese - null
[2020-02-25T09:35:22.817] [DEBUG] cheese - null
[2020-02-25T09:35:22.819] [DEBUG] cheese - null
[2020-02-25T09:35:23.402] [DEBUG] cheese - null
[2020-02-25T09:35:23.404] [DEBUG] cheese - null
[2020-02-25T09:35:31.430] [DEBUG] cheese - login => username:author,password:123456
[2020-02-25T09:35:31.430] [DEBUG] cheese - author
[2020-02-25T09:35:31.432] [DEBUG] cheese - null
[2020-02-25T09:35:31.432] [DEBUG] cheese - null
[2020-02-25T09:35:33.625] [DEBUG] cheese - null
[2020-02-25T09:35:33.626] [DEBUG] cheese - null
[2020-02-25T09:35:34.109] [DEBUG] cheese - null
[2020-02-25T09:35:34.110] [DEBUG] cheese - null
[2020-02-25T09:36:07.230] [DEBUG] cheese - login => username:admin,password:123456
[2020-02-25T09:36:07.230] [DEBUG] cheese - admin
[2020-02-25T09:36:07.233] [DEBUG] cheese - null
[2020-02-25T09:36:07.233] [DEBUG] cheese - null
[2020-02-25T09:36:57.448] [DEBUG] cheese - login => username:test,password:123456
[2020-02-25T09:36:57.448] [DEBUG] cheese - test
[2020-02-25T09:36:57.450] [DEBUG] cheese - null
[2020-02-25T09:36:57.451] [DEBUG] cheese - null
[2020-02-25T09:36:59.390] [DEBUG] cheese - login => username:admin,password:123456
[2020-02-25T09:36:59.390] [DEBUG] cheese - admin
[2020-02-25T09:36:59.392] [DEBUG] cheese - null
[2020-02-25T09:36:59.392] [DEBUG] cheese - null
[2020-02-25T09:37:20.461] [DEBUG] cheese - login => username:test,password:123456
[2020-02-25T09:37:20.461] [DEBUG] cheese - test
[2020-02-25T09:37:20.463] [DEBUG] cheese - null
[2020-02-25T09:37:20.463] [DEBUG] cheese - null
[2020-02-25T09:37:22.733] [DEBUG] cheese - null
[2020-02-25T09:37:22.734] [DEBUG] cheese - null
[2020-02-25T09:37:26.423] [DEBUG] cheese - login => username:admin,password:123456
[2020-02-25T09:37:26.424] [DEBUG] cheese - admin
[2020-02-25T09:37:26.425] [DEBUG] cheese - null
[2020-02-25T09:37:26.425] [DEBUG] cheese - null
[2020-02-25T09:37:34.639] [DEBUG] cheese - null
[2020-02-25T09:37:38.764] [DEBUG] cheese - null
[2020-02-25T09:37:44.419] [DEBUG] cheese - login => username:test,password:123456
[2020-02-25T09:37:44.419] [DEBUG] cheese - test
[2020-02-25T09:37:44.422] [DEBUG] cheese - null
[2020-02-25T09:37:44.422] [DEBUG] cheese - null
[2020-02-25T09:52:10.526] [DEBUG] cheese - null
[2020-02-25T09:52:10.528] [DEBUG] cheese - null
[2020-02-25T09:52:11.905] [DEBUG] cheese - null
[2020-02-25T09:52:11.906] [DEBUG] cheese - null
[2020-02-25T09:52:13.187] [DEBUG] cheese - null
[2020-02-25T09:52:13.189] [DEBUG] cheese - null
[2020-02-25T09:52:15.056] [DEBUG] cheese - null
[2020-02-25T09:52:15.057] [DEBUG] cheese - null
[2020-02-25T09:52:25.023] [DEBUG] cheese - null
[2020-02-25T09:52:25.024] [DEBUG] cheese - null
[2020-02-25T09:52:26.311] [DEBUG] cheese - null
[2020-02-25T09:52:26.312] [DEBUG] cheese - null
[2020-03-08T23:33:06.424] [DEBUG] cheese - login => username:admin,password:123456
[2020-03-08T23:33:06.428] [DEBUG] cheese - admin
[2020-03-08T23:33:06.483] [DEBUG] cheese - null
[2020-03-08T23:33:06.484] [DEBUG] cheese - null
[2020-03-08T23:33:18.033] [DEBUG] cheese - login => username:admin,password:123456
[2020-03-08T23:33:18.033] [DEBUG] cheese - admin
[2020-03-08T23:33:18.039] [DEBUG] cheese - null
[2020-03-08T23:33:18.039] [DEBUG] cheese - null
[2020-07-31T22:00:40.884] [DEBUG] cheese - login => username:admin,password:12345
[2020-07-31T22:00:40.887] [DEBUG] cheese - admin
[2020-07-31T22:00:40.910] [DEBUG] cheese - null
[2020-07-31T22:00:40.911] [DEBUG] cheese - null
[2020-07-31T22:00:50.356] [DEBUG] cheese - login => username:admin,password:123456
[2020-07-31T22:00:50.357] [DEBUG] cheese - admin
[2020-07-31T22:00:50.360] [DEBUG] cheese - null
[2020-07-31T22:00:50.360] [DEBUG] cheese - null
[2020-08-03T11:35:32.916] [DEBUG] cheese - login => username:123,password:456
[2020-08-03T11:35:32.918] [DEBUG] cheese - 123
[2020-08-03T11:35:32.930] [DEBUG] cheese - null
[2020-08-03T11:35:32.931] [DEBUG] cheese - null
[2020-08-03T11:36:03.860] [DEBUG] cheese - login => username:admin,password:123456
[2020-08-03T11:36:03.860] [DEBUG] cheese - admin
[2020-08-03T11:36:03.866] [DEBUG] cheese - null
[2020-08-03T11:36:03.867] [DEBUG] cheese - null
[2020-08-03T11:36:08.358] [DEBUG] cheese - login => username:admin,password:123456
[2020-08-03T11:36:08.358] [DEBUG] cheese - admin
[2020-08-03T11:36:08.361] [DEBUG] cheese - null
[2020-08-03T11:36:08.361] [DEBUG] cheese - null
[2020-08-04T22:03:22.570] [DEBUG] cheese - login => username:a'da'd,password:adada'da'dadad
[2020-08-04T22:03:22.572] [DEBUG] cheese - a'da'd
[2020-08-04T22:03:22.641] [DEBUG] cheese - null
[2020-08-04T22:03:22.641] [DEBUG] cheese - null
[2020-08-04T22:03:38.594] [DEBUG] cheese - login => username:f'sa'a,password:fsaafa'f
[2020-08-04T22:03:38.594] [DEBUG] cheese - f'sa'a
[2020-08-04T22:03:38.597] [DEBUG] cheese - null
[2020-08-04T22:03:38.597] [DEBUG] cheese - null
[2020-08-04T22:04:04.817] [DEBUG] cheese - login => username:admin,password:123456
[2020-08-04T22:04:04.817] [DEBUG] cheese - admin
[2020-08-04T22:04:04.823] [DEBUG] cheese - null
[2020-08-04T22:04:04.823] [DEBUG] cheese - null
[2020-08-05T00:36:28.732] [DEBUG] cheese - login => username:啊大大,password:a'fa'd'fafadf
[2020-08-05T00:36:28.733] [DEBUG] cheese - 啊大大
[2020-08-05T00:36:28.740] [DEBUG] cheese - null
[2020-08-05T00:36:28.740] [DEBUG] cheese - null
[2020-08-05T00:36:29.734] [DEBUG] cheese - login => username:啊大大,password:a'fa'd'fafadf
[2020-08-05T00:36:29.734] [DEBUG] cheese - 啊大大
[2020-08-05T00:36:29.736] [DEBUG] cheese - null
[2020-08-05T00:36:29.736] [DEBUG] cheese - null
[2020-08-05T00:36:34.536] [DEBUG] cheese - login => username:啊大大,password:a'fa'd'fafadf
[2020-08-05T00:36:34.536] [DEBUG] cheese - 啊大大
[2020-08-05T00:36:34.541] [DEBUG] cheese - null
[2020-08-05T00:36:34.541] [DEBUG] cheese - null
[2020-08-05T00:41:33.938] [DEBUG] cheese - login => username:admin,password:123456
[2020-08-05T00:41:33.938] [DEBUG] cheese - admin
[2020-08-05T00:41:33.942] [DEBUG] cheese - null
[2020-08-05T00:41:33.942] [DEBUG] cheese - null
[2020-08-05T00:42:16.624] [DEBUG] cheese - login => username:admin,password:123456
[2020-08-05T00:42:16.624] [DEBUG] cheese - admin
[2020-08-05T00:42:16.627] [DEBUG] cheese - null
[2020-08-05T00:42:16.627] [DEBUG] cheese - null
[2020-08-07T01:21:54.674] [DEBUG] cheese - login => username:admin,password:123456
[2020-08-07T01:21:54.676] [DEBUG] cheese - admin
[2020-08-07T01:21:54.726] [DEBUG] cheese - null
[2020-08-07T01:21:54.727] [DEBUG] cheese - null
[2020-08-07T01:21:57.756] [DEBUG] cheese - login => username:admin,password:123456
[2020-08-07T01:21:57.756] [DEBUG] cheese - admin
[2020-08-07T01:21:57.759] [DEBUG] cheese - null
[2020-08-07T01:21:57.759] [DEBUG] cheese - null
[2020-08-07T01:45:23.975] [DEBUG] cheese - login => username:admin,password:123456
[2020-08-07T01:45:23.975] [DEBUG] cheese - admin
[2020-08-07T01:45:23.980] [DEBUG] cheese - null
[2020-08-07T01:45:23.980] [DEBUG] cheese - null
[2020-08-07T02:03:16.190] [DEBUG] cheese - login => username:admin,password:123456
[2020-08-07T02:03:16.190] [DEBUG] cheese - admin
[2020-08-07T02:03:16.194] [DEBUG] cheese - null
[2020-08-07T02:03:16.194] [DEBUG] cheese - null
[2020-08-07T02:03:24.421] [DEBUG] cheese - login => username:asdad,password:adfafa
[2020-08-07T02:03:24.421] [DEBUG] cheese - asdad
[2020-08-07T02:03:24.423] [DEBUG] cheese - null
[2020-08-07T02:03:24.423] [DEBUG] cheese - null
[2020-08-07T02:03:44.724] [DEBUG] cheese - login => username:dada,password:adada
[2020-08-07T02:03:44.725] [DEBUG] cheese - dada
[2020-08-07T02:03:44.726] [DEBUG] cheese - null
[2020-08-07T02:03:44.726] [DEBUG] cheese - null
[2020-08-07T02:03:47.377] [DEBUG] cheese - login => username:dada,password:adada
[2020-08-07T02:03:47.377] [DEBUG] cheese - dada
[2020-08-07T02:03:47.379] [DEBUG] cheese - null
[2020-08-07T02:03:47.379] [DEBUG] cheese - null
[2020-08-07T02:04:20.383] [DEBUG] cheese - login => username:dada,password:adada
[2020-08-07T02:04:20.383] [DEBUG] cheese - dada
[2020-08-07T02:04:20.385] [DEBUG] cheese - null
[2020-08-07T02:04:20.385] [DEBUG] cheese - null
[2020-08-07T02:04:58.572] [DEBUG] cheese - login => username:admin,password:123456
[2020-08-07T02:04:58.572] [DEBUG] cheese - admin
[2020-08-07T02:04:58.574] [DEBUG] cheese - null
[2020-08-07T02:04:58.575] [DEBUG] cheese - null
[2020-08-07T02:08:03.611] [DEBUG] cheese - login => username:adas,password:adad
[2020-08-07T02:08:03.611] [DEBUG] cheese - adas
[2020-08-07T02:08:03.613] [DEBUG] cheese - null
[2020-08-07T02:08:03.613] [DEBUG] cheese - null
[2020-08-07T02:15:32.941] [DEBUG] cheese - login => username:adas,password:adad
[2020-08-07T02:15:32.941] [DEBUG] cheese - adas
[2020-08-07T02:15:32.943] [DEBUG] cheese - null
[2020-08-07T02:15:32.943] [DEBUG] cheese - null
[2020-08-07T02:15:41.228] [DEBUG] cheese - login => username:adas,password:adad
[2020-08-07T02:15:41.228] [DEBUG] cheese - adas
[2020-08-07T02:15:41.230] [DEBUG] cheese - null
[2020-08-07T02:15:41.230] [DEBUG] cheese - null
[2020-08-07T02:32:21.829] [DEBUG] cheese - login => username:adfa,password:adad
[2020-08-07T02:32:21.829] [DEBUG] cheese - adfa
[2020-08-07T02:32:21.832] [DEBUG] cheese - null
[2020-08-07T02:32:21.832] [DEBUG] cheese - null
[2020-08-07T02:33:50.131] [DEBUG] cheese - login => username:fdafd,password:afdafd
[2020-08-07T02:33:50.131] [DEBUG] cheese - fdafd
[2020-08-07T02:33:50.133] [DEBUG] cheese - null
[2020-08-07T02:33:50.133] [DEBUG] cheese - null
[2020-08-07T02:33:58.132] [DEBUG] cheese - login => username:admin,password:123456
[2020-08-07T02:33:58.133] [DEBUG] cheese - admin
[2020-08-07T02:33:58.135] [DEBUG] cheese - null
[2020-08-07T02:33:58.135] [DEBUG] cheese - null
[2020-08-07T02:35:11.499] [DEBUG] cheese - login => username:admin,password:123456
[2020-08-07T02:35:11.499] [DEBUG] cheese - admin
[2020-08-07T02:35:11.501] [DEBUG] cheese - null
[2020-08-07T02:35:11.501] [DEBUG] cheese - null
[2020-08-07T02:51:46.458] [DEBUG] cheese - login => username:admin,password:123456
[2020-08-07T02:51:46.458] [DEBUG] cheese - admin
[2020-08-07T02:51:46.461] [DEBUG] cheese - null
[2020-08-07T02:51:46.461] [DEBUG] cheese - null
[2020-08-08T02:22:52.419] [DEBUG] cheese - login => username:admin,password:123456
[2020-08-08T02:22:52.421] [DEBUG] cheese - admin
[2020-08-08T02:22:52.450] [DEBUG] cheese - null
[2020-08-08T02:22:52.451] [DEBUG] cheese - null
[2020-08-08T02:58:46.678] [DEBUG] cheese - login => username:admin,password:123456
[2020-08-08T02:58:46.679] [DEBUG] cheese - admin
[2020-08-08T02:58:46.684] [DEBUG] cheese - null
[2020-08-08T02:58:46.684] [DEBUG] cheese - null
[2020-08-08T03:11:17.958] [DEBUG] cheese - login => username:admin,password:123456
[2020-08-08T03:11:17.958] [DEBUG] cheese - admin
[2020-08-08T03:11:17.961] [DEBUG] cheese - null
[2020-08-08T03:11:17.961] [DEBUG] cheese - null
[2020-08-08T03:20:31.903] [DEBUG] cheese - login => username:admin,password:123456
[2020-08-08T03:20:31.904] [DEBUG] cheese - admin
[2020-08-08T03:20:31.907] [DEBUG] cheese - null
[2020-08-08T03:20:31.907] [DEBUG] cheese - null
[2020-08-08T06:00:51.108] [DEBUG] cheese - login => username:的发达,password:啊大大
[2020-08-08T06:00:51.108] [DEBUG] cheese - 的发达
[2020-08-08T06:00:51.113] [DEBUG] cheese - null
[2020-08-08T06:00:51.113] [DEBUG] cheese - null
[2020-08-08T06:00:59.613] [DEBUG] cheese - login => username:admin,password:123456
[2020-08-08T06:00:59.613] [DEBUG] cheese - admin
[2020-08-08T06:00:59.615] [DEBUG] cheese - null
[2020-08-08T06:00:59.615] [DEBUG] cheese - null
[2020-08-09T15:00:22.274] [DEBUG] cheese - login => username:admin,password:123456
[2020-08-09T15:00:22.275] [DEBUG] cheese - admin
[2020-08-09T15:00:22.288] [DEBUG] cheese - null
[2020-08-09T15:00:22.289] [DEBUG] cheese - null
[2020-08-09T15:14:05.200] [DEBUG] cheese - login => username:admin,password:123456
[2020-08-09T15:14:05.200] [DEBUG] cheese - admin
[2020-08-09T15:14:05.203] [DEBUG] cheese - null
[2020-08-09T15:14:05.203] [DEBUG] cheese - null
[2020-08-09T15:15:44.064] [DEBUG] cheese - login => username:admin,password:123456
[2020-08-09T15:15:44.064] [DEBUG] cheese - admin
[2020-08-09T15:15:44.068] [DEBUG] cheese - null
[2020-08-09T15:15:44.068] [DEBUG] cheese - null
[2020-08-09T15:19:10.358] [DEBUG] cheese - login => username:admin,password:123456
[2020-08-09T15:19:10.359] [DEBUG] cheese - admin
[2020-08-09T15:19:10.361] [DEBUG] cheese - null
[2020-08-09T15:19:10.361] [DEBUG] cheese - null
[2020-08-09T15:20:25.682] [DEBUG] cheese - login => username:admin,password:123456
[2020-08-09T15:20:25.682] [DEBUG] cheese - admin
[2020-08-09T15:20:25.684] [DEBUG] cheese - null
[2020-08-09T15:20:25.684] [DEBUG] cheese - null
[2020-08-09T15:21:15.792] [DEBUG] cheese - login => username:admin,password:123456
[2020-08-09T15:21:15.792] [DEBUG] cheese - admin
[2020-08-09T15:21:15.795] [DEBUG] cheese - null
[2020-08-09T15:21:15.795] [DEBUG] cheese - null
[2020-08-09T15:28:14.953] [DEBUG] cheese - login => username:admin,password:123456
[2020-08-09T15:28:14.953] [DEBUG] cheese - admin
[2020-08-09T15:28:14.955] [DEBUG] cheese - null
[2020-08-09T15:28:14.955] [DEBUG] cheese - null
[2020-08-09T15:30:09.318] [DEBUG] cheese - login => username:fa'f,password:faf1a'faafa
[2020-08-09T15:30:09.318] [DEBUG] cheese - fa'f
[2020-08-09T15:30:09.320] [DEBUG] cheese - null
[2020-08-09T15:30:09.320] [DEBUG] cheese - null
[2020-08-09T15:30:09.758] [DEBUG] cheese - login => username:fa'f,password:faf1a'faafa
[2020-08-09T15:30:09.758] [DEBUG] cheese - fa'f
[2020-08-09T15:30:09.760] [DEBUG] cheese - null
[2020-08-09T15:30:09.761] [DEBUG] cheese - null
[2020-08-09T15:30:25.042] [DEBUG] cheese - login => username:admin,password:123456
[2020-08-09T15:30:25.042] [DEBUG] cheese - admin
[2020-08-09T15:30:25.044] [DEBUG] cheese - null
[2020-08-09T15:30:25.044] [DEBUG] cheese - null
[2020-08-09T16:08:08.153] [DEBUG] cheese - login => username:13242,password:141234
[2020-08-09T16:08:08.154] [DEBUG] cheese - 13242
[2020-08-09T16:08:08.159] [DEBUG] cheese - null
[2020-08-09T16:08:08.159] [DEBUG] cheese - null
[2020-08-09T16:08:09.141] [DEBUG] cheese - login => username:13242,password:141234
[2020-08-09T16:08:09.141] [DEBUG] cheese - 13242
[2020-08-09T16:08:09.143] [DEBUG] cheese - null
[2020-08-09T16:08:09.143] [DEBUG] cheese - null
[2020-08-09T16:08:09.700] [DEBUG] cheese - login => username:13242,password:141234
[2020-08-09T16:08:09.700] [DEBUG] cheese - 13242
[2020-08-09T16:08:09.702] [DEBUG] cheese - null
[2020-08-09T16:08:09.702] [DEBUG] cheese - null
[2020-08-09T16:08:09.867] [DEBUG] cheese - login => username:13242,password:141234
[2020-08-09T16:08:09.867] [DEBUG] cheese - 13242
[2020-08-09T16:08:09.869] [DEBUG] cheese - null
[2020-08-09T16:08:09.869] [DEBUG] cheese - null
[2020-08-09T16:08:10.035] [DEBUG] cheese - login => username:13242,password:141234
[2020-08-09T16:08:10.035] [DEBUG] cheese - 13242
[2020-08-09T16:08:10.037] [DEBUG] cheese - null
[2020-08-09T16:08:10.037] [DEBUG] cheese - null
[2020-08-09T16:08:19.192] [DEBUG] cheese - login => username:admin,password:123456
[2020-08-09T16:08:19.192] [DEBUG] cheese - admin
[2020-08-09T16:08:19.195] [DEBUG] cheese - null
[2020-08-09T16:08:19.196] [DEBUG] cheese - null
[2020-08-09T16:12:06.472] [DEBUG] cheese - login => username:admin,password:123456
[2020-08-09T16:12:06.472] [DEBUG] cheese - admin
[2020-08-09T16:12:06.474] [DEBUG] cheese - null
[2020-08-09T16:12:06.475] [DEBUG] cheese - null
[2020-08-10T03:04:17.738] [DEBUG] cheese - login => username:admin,password:123456
[2020-08-10T03:04:17.740] [DEBUG] cheese - admin
[2020-08-10T03:04:17.756] [DEBUG] cheese - null
[2020-08-10T03:04:17.756] [DEBUG] cheese - null
[2020-08-10T03:14:05.252] [DEBUG] cheese - login => username:admin,password:123456
[2020-08-10T03:14:05.252] [DEBUG] cheese - admin
[2020-08-10T03:14:05.255] [DEBUG] cheese - null
[2020-08-10T03:14:05.255] [DEBUG] cheese - null
[2020-08-10T04:00:40.622] [DEBUG] cheese - login => username:admin,password:123456
[2020-08-10T04:00:40.622] [DEBUG] cheese - admin
[2020-08-10T04:00:40.627] [DEBUG] cheese - null
[2020-08-10T04:00:40.628] [DEBUG] cheese - null
[2020-08-10T05:18:20.945] [DEBUG] cheese - login => username:admin,password:123456
[2020-08-10T05:18:20.947] [DEBUG] cheese - admin
[2020-08-10T05:18:20.959] [DEBUG] cheese - null
[2020-08-10T05:18:20.959] [DEBUG] cheese - null
[2020-08-11T05:53:44.265] [DEBUG] cheese - login => username:admin,password:123456
[2020-08-11T05:53:44.266] [DEBUG] cheese - admin
[2020-08-11T05:53:44.276] [DEBUG] cheese - null
[2020-08-11T05:53:44.277] [DEBUG] cheese - null
[2020-08-11T22:18:31.196] [DEBUG] cheese - login => username:admin,password:123456
[2020-08-11T22:18:31.198] [DEBUG] cheese - admin
[2020-08-11T22:18:31.211] [DEBUG] cheese - null
[2020-08-11T22:18:31.212] [DEBUG] cheese - null
[2020-08-12T07:57:45.862] [DEBUG] cheese - login => username:admin,password:123456
[2020-08-12T07:57:45.863] [DEBUG] cheese - admin
[2020-08-12T07:57:45.895] [DEBUG] cheese - null
[2020-08-12T07:57:45.896] [DEBUG] cheese - null
[2020-08-12T20:47:51.164] [DEBUG] cheese - login => username:admin,password:123456
[2020-08-12T20:47:51.170] [DEBUG] cheese - admin
[2020-08-12T20:47:51.196] [DEBUG] cheese - null
[2020-08-12T20:47:51.196] [DEBUG] cheese - null
[2020-08-13T07:30:30.060] [DEBUG] cheese - login => username:admin,password:123456
[2020-08-13T07:30:30.060] [DEBUG] cheese - admin
[2020-08-13T07:30:30.070] [DEBUG] cheese - null
[2020-08-13T07:30:30.070] [DEBUG] cheese - null
[2020-08-14T04:48:20.726] [DEBUG] cheese - login => username:admin,password:123456
[2020-08-14T04:48:20.729] [DEBUG] cheese - admin
[2020-08-14T04:48:20.756] [DEBUG] cheese - null
[2020-08-14T04:48:20.758] [DEBUG] cheese - null
[2020-08-15T18:59:31.876] [DEBUG] cheese - login => username:admin,password:123456
[2020-08-15T18:59:31.877] [DEBUG] cheese - admin
[2020-08-15T18:59:31.929] [DEBUG] cheese - null
[2020-08-15T18:59:31.930] [DEBUG] cheese - null
[2020-08-15T19:02:45.537] [DEBUG] cheese - login => username:admin,password:12345
[2020-08-15T19:02:45.537] [DEBUG] cheese - admin
[2020-08-15T19:02:45.539] [DEBUG] cheese - null
[2020-08-15T19:02:45.539] [DEBUG] cheese - null
[2020-08-15T19:02:57.178] [DEBUG] cheese - login => username:admin,password:123456
[2020-08-15T19:02:57.178] [DEBUG] cheese - admin
[2020-08-15T19:02:57.180] [DEBUG] cheese - null
[2020-08-15T19:02:57.180] [DEBUG] cheese - null
[2020-08-17T11:07:15.281] [DEBUG] cheese - login => username:admin,password:123456
[2020-08-17T11:07:15.284] [DEBUG] cheese - admin
[2020-08-17T11:07:15.318] [DEBUG] cheese - null
[2020-08-17T11:07:15.319] [DEBUG] cheese - null
[2020-08-17T20:03:26.995] [DEBUG] cheese - login => username:admin,password:123456
[2020-08-17T20:03:26.996] [DEBUG] cheese - admin
[2020-08-17T20:03:27.009] [DEBUG] cheese - null
[2020-08-17T20:03:27.010] [DEBUG] cheese - null
[2020-08-18T20:25:06.709] [DEBUG] cheese - login => username:admin,password:123456
[2020-08-18T20:25:06.711] [DEBUG] cheese - admin
[2020-08-18T20:25:06.729] [DEBUG] cheese - null
[2020-08-18T20:25:06.730] [DEBUG] cheese - null
[2020-08-20T01:32:53.615] [DEBUG] cheese - login => username:admin,password:123456
[2020-08-20T01:32:53.617] [DEBUG] cheese - admin
[2020-08-20T01:32:53.637] [DEBUG] cheese - null
[2020-08-20T01:32:53.638] [DEBUG] cheese - null
[2020-08-20T11:20:52.312] [DEBUG] cheese - login => username:admin,password:123456
[2020-08-20T11:20:52.314] [DEBUG] cheese - admin
[2020-08-20T11:20:52.327] [DEBUG] cheese - null
[2020-08-20T11:20:52.327] [DEBUG] cheese - null
[2020-08-21T09:33:06.197] [DEBUG] cheese - login => username:admin,password:123456
[2020-08-21T09:33:06.199] [DEBUG] cheese - admin
[2020-08-21T09:33:06.309] [DEBUG] cheese - null
[2020-08-21T09:33:06.310] [DEBUG] cheese - null
[2020-08-21T10:31:57.239] [DEBUG] cheese - login => username:admin,password:123456
[2020-08-21T10:31:57.240] [DEBUG] cheese - admin
[2020-08-21T10:31:57.242] [DEBUG] cheese - null
[2020-08-21T10:31:57.242] [DEBUG] cheese - null
[2020-08-24T12:50:59.340] [DEBUG] cheese - login => username:admin,password:123456
[2020-08-24T12:50:59.341] [DEBUG] cheese - admin
[2020-08-24T12:50:59.352] [DEBUG] cheese - null
[2020-08-24T12:50:59.353] [DEBUG] cheese - null
[2020-08-26T14:30:42.512] [DEBUG] cheese - login => username:admin,password:123456
[2020-08-26T14:30:42.514] [DEBUG] cheese - admin
[2020-08-26T14:30:42.527] [DEBUG] cheese - null
[2020-08-26T14:30:42.528] [DEBUG] cheese - null
[2020-08-26T15:01:03.082] [DEBUG] cheese - login => username:admin,password:123456
[2020-08-26T15:01:03.082] [DEBUG] cheese - admin
[2020-08-26T15:01:03.085] [DEBUG] cheese - null
[2020-08-26T15:01:03.085] [DEBUG] cheese - null
[2020-08-28T13:50:55.346] [DEBUG] cheese - login => username:admin,password:123456
[2020-08-28T13:50:55.347] [DEBUG] cheese - admin
[2020-08-28T13:50:55.400] [DEBUG] cheese - null
[2020-08-28T13:50:55.403] [DEBUG] cheese - null
[2020-08-28T17:52:14.056] [DEBUG] cheese - null
[2020-08-28T17:57:58.902] [DEBUG] cheese - null
[2020-08-28T18:00:01.250] [DEBUG] cheese - null
[2020-08-28T23:25:10.630] [DEBUG] cheese - login => username:admin,password:123456
[2020-08-28T23:25:10.631] [DEBUG] cheese - admin
[2020-08-28T23:25:10.646] [DEBUG] cheese - null
[2020-08-28T23:25:10.647] [DEBUG] cheese - null
[2020-08-28T23:25:32.999] [DEBUG] cheese - null
[2020-08-28T23:27:20.331] [DEBUG] cheese - null
[2020-08-28T23:36:27.137] [DEBUG] cheese - null
[2020-08-28T23:37:21.032] [DEBUG] cheese - null
[2020-08-28T23:37:35.271] [DEBUG] cheese - null
[2020-09-02T02:25:45.677] [DEBUG] cheese - login => username:admin,password:123456
[2020-09-02T02:25:45.679] [DEBUG] cheese - admin
[2020-09-02T02:25:45.767] [DEBUG] cheese - null
[2020-09-02T02:25:45.768] [DEBUG] cheese - null
[2020-09-02T02:26:29.170] [DEBUG] cheese - null
[2020-09-03T13:34:22.504] [DEBUG] cheese - login => username:admin,password:123456
[2020-09-03T13:34:22.506] [DEBUG] cheese - admin
[2020-09-03T13:34:22.566] [DEBUG] cheese - null
[2020-09-03T13:34:22.567] [DEBUG] cheese - null
[2020-09-07T11:17:20.228] [DEBUG] cheese - login => username:admin,password:123456
[2020-09-07T11:17:20.237] [DEBUG] cheese - admin
[2020-09-07T11:17:20.286] [DEBUG] cheese - null
[2020-09-07T11:17:20.288] [DEBUG] cheese - null
[2020-09-08T03:45:35.438] [DEBUG] cheese - login => username:admin,password:123456
[2020-09-08T03:45:35.439] [DEBUG] cheese - admin
[2020-09-08T03:45:35.450] [DEBUG] cheese - null
[2020-09-08T03:45:35.451] [DEBUG] cheese - null
[2020-09-08T21:53:37.796] [DEBUG] cheese - login => username:admin,password:123456
[2020-09-08T21:53:37.797] [DEBUG] cheese - admin
[2020-09-08T21:53:37.809] [DEBUG] cheese - null
[2020-09-08T21:53:37.810] [DEBUG] cheese - null
[2020-09-08T22:04:47.657] [DEBUG] cheese - null
[2020-09-09T17:13:46.638] [DEBUG] cheese - login => username:admin,password:123456
[2020-09-09T17:13:46.639] [DEBUG] cheese - admin
[2020-09-09T17:13:46.655] [DEBUG] cheese - null
[2020-09-09T17:13:46.655] [DEBUG] cheese - null
[2020-09-09T21:27:20.077] [DEBUG] cheese - login => username:admin,password:123456
[2020-09-09T21:27:20.079] [DEBUG] cheese - admin
[2020-09-09T21:27:20.091] [DEBUG] cheese - null
[2020-09-09T21:27:20.091] [DEBUG] cheese - null
[2020-09-10T00:33:47.032] [DEBUG] cheese - login => username:夏克玉,password:123456
[2020-09-10T00:33:47.032] [DEBUG] cheese - 夏克玉
[2020-09-10T00:33:47.035] [DEBUG] cheese - null
[2020-09-10T00:33:47.035] [DEBUG] cheese - null
[2020-09-10T00:33:52.096] [DEBUG] cheese - login => username:admin,password:123456
[2020-09-10T00:33:52.096] [DEBUG] cheese - admin
[2020-09-10T00:33:52.098] [DEBUG] cheese - null
[2020-09-10T00:33:52.098] [DEBUG] cheese - null
[2020-09-10T00:34:54.953] [DEBUG] cheese - login => username:霍光,password:12345
[2020-09-10T00:34:54.954] [DEBUG] cheese - 霍光
[2020-09-10T00:34:54.955] [DEBUG] cheese - null
[2020-09-10T00:34:54.955] [DEBUG] cheese - null
[2020-09-10T00:34:56.181] [DEBUG] cheese - login => username:霍光,password:12345
[2020-09-10T00:34:56.181] [DEBUG] cheese - 霍光
[2020-09-10T00:34:56.183] [DEBUG] cheese - null
[2020-09-10T00:34:56.183] [DEBUG] cheese - null
[2020-09-10T00:35:04.520] [DEBUG] cheese - login => username:admin,password:123456
[2020-09-10T00:35:04.521] [DEBUG] cheese - admin
[2020-09-10T00:35:04.524] [DEBUG] cheese - null
[2020-09-10T00:35:04.525] [DEBUG] cheese - null
[2020-09-10T04:36:09.896] [DEBUG] cheese - login => username:admin,password:123456
[2020-09-10T04:36:09.898] [DEBUG] cheese - admin
[2020-09-10T04:36:09.926] [DEBUG] cheese - null
[2020-09-10T04:36:09.926] [DEBUG] cheese - null
[2020-09-10T04:36:18.212] [DEBUG] cheese - login => username:admin,password:123456
[2020-09-10T04:36:18.212] [DEBUG] cheese - admin
[2020-09-10T04:36:18.216] [DEBUG] cheese - null
[2020-09-10T04:36:18.216] [DEBUG] cheese - null
[2020-09-10T04:40:12.685] [DEBUG] cheese - login => username:admin,password:123456
[2020-09-10T04:40:12.686] [DEBUG] cheese - admin
[2020-09-10T04:40:12.689] [DEBUG] cheese - null
[2020-09-10T04:40:12.689] [DEBUG] cheese - null
[2020-09-10T04:40:18.446] [DEBUG] cheese - login => username:阿达,password:阿达
[2020-09-10T04:40:18.447] [DEBUG] cheese - 阿达
[2020-09-10T04:40:18.451] [DEBUG] cheese - null
[2020-09-10T04:40:18.451] [DEBUG] cheese - null
[2020-09-10T04:40:19.704] [DEBUG] cheese - login => username:阿达,password:阿达
[2020-09-10T04:40:19.704] [DEBUG] cheese - 阿达
[2020-09-10T04:40:19.705] [DEBUG] cheese - null
[2020-09-10T04:40:19.706] [DEBUG] cheese - null
[2020-09-10T04:40:19.991] [DEBUG] cheese - login => username:阿达,password:阿达
[2020-09-10T04:40:19.992] [DEBUG] cheese - 阿达
[2020-09-10T04:40:19.994] [DEBUG] cheese - null
[2020-09-10T04:40:19.994] [DEBUG] cheese - null
[2020-09-10T04:40:20.152] [DEBUG] cheese - login => username:阿达,password:阿达
[2020-09-10T04:40:20.152] [DEBUG] cheese - 阿达
[2020-09-10T04:40:20.154] [DEBUG] cheese - null
[2020-09-10T04:40:20.154] [DEBUG] cheese - null
[2020-09-10T04:40:20.328] [DEBUG] cheese - login => username:阿达,password:阿达
[2020-09-10T04:40:20.328] [DEBUG] cheese - 阿达
[2020-09-10T04:40:20.331] [DEBUG] cheese - null
[2020-09-10T04:40:20.331] [DEBUG] cheese - null
[2020-09-10T04:42:10.517] [DEBUG] cheese - login => username:admin,password:123456
[2020-09-10T04:42:10.517] [DEBUG] cheese - admin
[2020-09-10T04:42:10.519] [DEBUG] cheese - null
[2020-09-10T04:42:10.519] [DEBUG] cheese - null
[2020-09-10T04:42:45.525] [DEBUG] cheese - login => username:134234,password:awfwe
[2020-09-10T04:42:45.525] [DEBUG] cheese - 134234
[2020-09-10T04:42:45.527] [DEBUG] cheese - null
[2020-09-10T04:42:45.527] [DEBUG] cheese - null
[2020-09-10T04:42:47.024] [DEBUG] cheese - login => username:134234,password:awfwe
[2020-09-10T04:42:47.024] [DEBUG] cheese - 134234
[2020-09-10T04:42:47.026] [DEBUG] cheese - null
[2020-09-10T04:42:47.026] [DEBUG] cheese - null
[2020-09-10T04:42:47.311] [DEBUG] cheese - login => username:134234,password:awfwe
[2020-09-10T04:42:47.311] [DEBUG] cheese - 134234
[2020-09-10T04:42:47.313] [DEBUG] cheese - null
[2020-09-10T04:42:47.313] [DEBUG] cheese - null
[2020-09-10T04:42:47.487] [DEBUG] cheese - login => username:134234,password:awfwe
[2020-09-10T04:42:47.487] [DEBUG] cheese - 134234
[2020-09-10T04:42:47.489] [DEBUG] cheese - null
[2020-09-10T04:42:47.489] [DEBUG] cheese - null
[2020-09-10T04:42:47.666] [DEBUG] cheese - login => username:134234,password:awfwe
[2020-09-10T04:42:47.666] [DEBUG] cheese - 134234
[2020-09-10T04:42:47.668] [DEBUG] cheese - null
[2020-09-10T04:42:47.668] [DEBUG] cheese - null
[2020-09-10T04:42:47.840] [DEBUG] cheese - login => username:134234,password:awfwe
[2020-09-10T04:42:47.840] [DEBUG] cheese - 134234
[2020-09-10T04:42:47.842] [DEBUG] cheese - null
[2020-09-10T04:42:47.842] [DEBUG] cheese - null
[2020-09-10T04:42:52.707] [DEBUG] cheese - login => username:admin,password:awfwe
[2020-09-10T04:42:52.707] [DEBUG] cheese - admin
[2020-09-10T04:42:52.709] [DEBUG] cheese - null
[2020-09-10T04:42:52.709] [DEBUG] cheese - null
[2020-09-10T04:42:54.599] [DEBUG] cheese - login => username:admin,password:awfwe
[2020-09-10T04:42:54.599] [DEBUG] cheese - admin
[2020-09-10T04:42:54.602] [DEBUG] cheese - null
[2020-09-10T04:42:54.602] [DEBUG] cheese - null
[2020-09-10T04:42:54.775] [DEBUG] cheese - login => username:admin,password:awfwe
[2020-09-10T04:42:54.775] [DEBUG] cheese - admin
[2020-09-10T04:42:54.777] [DEBUG] cheese - null
[2020-09-10T04:42:54.777] [DEBUG] cheese - null
[2020-09-10T04:42:54.943] [DEBUG] cheese - login => username:admin,password:awfwe
[2020-09-10T04:42:54.943] [DEBUG] cheese - admin
[2020-09-10T04:42:54.946] [DEBUG] cheese - null
[2020-09-10T04:42:54.946] [DEBUG] cheese - null
[2020-09-10T04:43:00.867] [DEBUG] cheese - login => username:admin,password:123456
[2020-09-10T04:43:00.867] [DEBUG] cheese - admin
[2020-09-10T04:43:00.871] [DEBUG] cheese - null
[2020-09-10T04:43:00.871] [DEBUG] cheese - null
[2020-09-11T15:46:52.021] [DEBUG] cheese - login => username:aadmin,password:123456
[2020-09-11T15:46:52.022] [DEBUG] cheese - aadmin
[2020-09-11T15:46:52.111] [DEBUG] cheese - null
[2020-09-11T15:46:52.112] [DEBUG] cheese - null
[2020-09-11T15:47:03.591] [DEBUG] cheese - login => username:admin,password:123456
[2020-09-11T15:47:03.591] [DEBUG] cheese - admin
[2020-09-11T15:47:03.863] [DEBUG] cheese - null
[2020-09-11T15:47:03.863] [DEBUG] cheese - null
[2020-09-12T21:02:51.469] [DEBUG] cheese - login => username:admin,password:123456
[2020-09-12T21:02:51.473] [DEBUG] cheese - admin
[2020-09-12T21:02:51.491] [DEBUG] cheese - null
[2020-09-12T21:02:51.492] [DEBUG] cheese - null
[2020-09-13T05:52:03.395] [DEBUG] cheese - login => username:admin,password:12345
[2020-09-13T05:52:03.396] [DEBUG] cheese - admin
[2020-09-13T05:52:03.407] [DEBUG] cheese - null
[2020-09-13T05:52:03.407] [DEBUG] cheese - null
[2020-09-13T05:52:07.126] [DEBUG] cheese - login => username:admin,password:123456
[2020-09-13T05:52:07.126] [DEBUG] cheese - admin
[2020-09-13T05:52:07.129] [DEBUG] cheese - null
[2020-09-13T05:52:07.129] [DEBUG] cheese - null
[2020-09-13T21:22:22.983] [DEBUG] cheese - login => username:admin,password:123456
[2020-09-13T21:22:22.985] [DEBUG] cheese - admin
[2020-09-13T21:22:22.997] [DEBUG] cheese - null
[2020-09-13T21:22:22.998] [DEBUG] cheese - null
[2020-09-14T16:46:01.590] [DEBUG] cheese - login => username:admin,password:123456
[2020-09-14T16:46:01.592] [DEBUG] cheese - admin
[2020-09-14T16:46:01.608] [DEBUG] cheese - null
[2020-09-14T16:46:01.609] [DEBUG] cheese - null
[2020-09-14T21:09:23.148] [DEBUG] cheese - login => username:admin,password:123456
[2020-09-14T21:09:23.149] [DEBUG] cheese - admin
[2020-09-14T21:09:23.158] [DEBUG] cheese - null
[2020-09-14T21:09:23.158] [DEBUG] cheese - null
[2020-09-15T06:59:32.147] [DEBUG] cheese - login => username:admin,password:123456
[2020-09-15T06:59:32.149] [DEBUG] cheese - admin
[2020-09-15T06:59:32.162] [DEBUG] cheese - null
[2020-09-15T06:59:32.163] [DEBUG] cheese - null
[2020-09-15T20:59:48.386] [DEBUG] cheese - login => username:admin,password:123456
[2020-09-15T20:59:48.388] [DEBUG] cheese - admin
[2020-09-15T20:59:48.392] [DEBUG] cheese - null
[2020-09-15T20:59:48.393] [DEBUG] cheese - null
[2020-09-16T02:48:01.664] [DEBUG] cheese - login => username:admin,password:123456
[2020-09-16T02:48:01.666] [DEBUG] cheese - admin
[2020-09-16T02:48:01.668] [DEBUG] cheese - null
[2020-09-16T02:48:01.669] [DEBUG] cheese - null
[2020-09-17T14:42:22.411] [DEBUG] cheese - login => username:admin,password:123456
[2020-09-17T14:42:22.413] [DEBUG] cheese - admin
[2020-09-17T14:42:22.422] [DEBUG] cheese - null
[2020-09-17T14:42:22.423] [DEBUG] cheese - null
[2020-09-17T16:17:23.854] [DEBUG] cheese - login => username:啊大大,password:阿达
[2020-09-17T16:17:23.856] [DEBUG] cheese - 啊大大
[2020-09-17T16:17:23.859] [DEBUG] cheese - null
[2020-09-17T16:17:23.860] [DEBUG] cheese - null
[2020-09-17T16:46:35.959] [DEBUG] cheese - login => username:admin,password:123456
[2020-09-17T16:46:35.959] [DEBUG] cheese - admin
[2020-09-17T16:46:35.962] [DEBUG] cheese - null
[2020-09-17T16:46:35.963] [DEBUG] cheese - null
[2020-09-17T20:32:00.714] [DEBUG] cheese - login => username:admin,password:123456
[2020-09-17T20:32:00.715] [DEBUG] cheese - admin
[2020-09-17T20:32:00.726] [DEBUG] cheese - null
[2020-09-17T20:32:00.726] [DEBUG] cheese - null
[2020-09-17T20:33:20.800] [DEBUG] cheese - login => username:admin,password:123456
[2020-09-17T20:33:20.800] [DEBUG] cheese - admin
[2020-09-17T20:33:20.803] [DEBUG] cheese - null
[2020-09-17T20:33:20.803] [DEBUG] cheese - null
[2020-09-17T20:39:30.919] [DEBUG] cheese - login => username:admin,password:123456
[2020-09-17T20:39:30.919] [DEBUG] cheese - admin
[2020-09-17T20:39:30.921] [DEBUG] cheese - null
[2020-09-17T20:39:30.921] [DEBUG] cheese - null
